2021-10-18T16:41:46.534Z
info:
	Reading files from /Users/marisa/dev/accessible-books-on-the-web/demos/moby-dick

2021-10-18T16:41:46.908Z
info:
	Already has multiple content documents

2021-10-18T16:41:46.908Z
info:
	Reading files from /Users/marisa/dev/accessible-books-on-the-web/demos/moby-dick

2021-10-18T16:41:50.506Z
info:
	Reading files from /Users/marisa/dev/accessible-books-on-the-web/demos/moby-dick

2021-10-18T16:41:51.091Z
info:
	Merging audio clips into /Users/marisa/dev/accessible-books-on-the-web/demos/moby-dick/OPS/audio/chapter_001.mp3

2021-10-18T16:41:58.957Z
info:
	Generating vtt

2021-10-18T16:41:59.035Z
info:
	Merging audio clips into /Users/marisa/dev/accessible-books-on-the-web/demos/moby-dick/OPS/audio/chapter_002.mp3

2021-10-18T16:42:03.344Z
info:
	Generating vtt

2021-10-18T16:42:13.354Z
info:
	Generating search index

